facebookSDK/build/outputs/logs/manifest-merger-debug-report.txt
-- Merging decision tree log ---
manifest
ADDED from src/main/AndroidManifest.xml:18:1-23:12
INJECTED from src/main/AndroidManifest.xml:18:1-23:12
INJECTED from src/main/AndroidManifest.xml:18:1-23:12
	package
		ADDED from src/main/AndroidManifest.xml:19:11-41
		INJECTED from src/main/AndroidManifest.xml
		INJECTED from src/main/AndroidManifest.xml
	xmlns:android
		ADDED from src/main/AndroidManifest.xml:18:11-69
application
ADDED from src/main/AndroidManifest.xml:21:5-19
uses-sdk
ADDED from src/main/AndroidManifest.xml:22:5-42
INJECTED from src/main/AndroidManifest.xml:22:5-42
INJECTED from src/main/AndroidManifest.xml:22:5-42
INJECTED from src/main/AndroidManifest.xml:22:5-42
INJECTED from src/main/AndroidManifest.xml:22:5-42
	android:targetSdkVersion
		INJECTED from src/main/AndroidManifest.xml
		ADDED from src/main/AndroidManifest.xml:22:5-42
		INJECTED from src/main/AndroidManifest.xml
	android:minSdkVersion
		ADDED from src/main/AndroidManifest.xml:22:15-40
		INJECTED from src/main/AndroidManifest.xml
		INJECTED from src/main/AndroidManifest.xml